[debug] [2022-03-15T11:29:38.901Z] ----------------------------------------------------------------------
[debug] [2022-03-15T11:29:38.903Z] Command:       C:\Program Files\nodejs\node.exe C:\Users\jipe\AppData\Roaming\npm\node_modules\firebase-tools\lib\bin\firebase.js init
[debug] [2022-03-15T11:29:38.903Z] CLI Version:   10.2.2
[debug] [2022-03-15T11:29:38.903Z] Platform:      win32
[debug] [2022-03-15T11:29:38.903Z] Node Version:  v16.13.2
[debug] [2022-03-15T11:29:38.904Z] Time:          Tue Mar 15 2022 11:29:38 GMT+0000 (Greenwich Mean Time)
[debug] [2022-03-15T11:29:38.904Z] ----------------------------------------------------------------------
[debug] 
[debug] [2022-03-15T11:29:38.914Z] > command requires scopes: ["email","openid","https://www.googleapis.com/auth/cloudplatformprojects.readonly","https://www.googleapis.com/auth/firebase","https://www.googleapis.com/auth/cloud-platform"]
[debug] [2022-03-15T11:29:38.914Z] > authorizing via signed-in user (daivasabhamanarcad@gmail.com)
[info] 
     ######## #### ########  ######## ########     ###     ######  ########
     ##        ##  ##     ## ##       ##     ##  ##   ##  ##       ##
     ######    ##  ########  ######   ########  #########  ######  ######
     ##        ##  ##    ##  ##       ##     ## ##     ##       ## ##
     ##       #### ##     ## ######## ########  ##     ##  ######  ########

You're about to initialize a Firebase project in this directory:

  C:\SIBIN\Others\React_projects\md-react-website

Before we get started, keep in mind:

  * You are currently outside your home directory

